
  .   ____          _            __ _ _
 /\\ / ___'_ __ _ _(_)_ __  __ _ \ \ \ \
( ( )\___ | '_ | '_| | '_ \/ _` | \ \ \ \
 \\/  ___)| |_)| | | | | || (_| |  ) ) ) )
  '  |____| .__|_| |_|_| |_\__, | / / / /
 =========|_|==============|___/=/_/_/_/
 :: Spring Boot ::               (v2.7.18)

2024-04-17 12:05:33.424  INFO 28424 --- [           main] org.example.springboot2PureApplication   : Starting springboot2PureApplication v2.7.18 using Java 1.8.0_181 on DESKTOP-79R25HM with PID 28424 (C:\Users\huguobin\Desktop\gbhuCode\gbhuJavaExample\spring\springboot2\springboot2Pure\target\springboot2Pure-2.7.18.jar started by huguobin in C:\Users\huguobin\Desktop\gbhuCode\gbhuJavaExample\spring\springboot2\springboot2Pure\scipts)
2024-04-17 12:05:33.440  INFO 28424 --- [           main] org.example.springboot2PureApplication   : No active profile set, falling back to 1 default profile: "default"
2024-04-17 12:05:34.908  WARN 28424 --- [           main] o.m.s.mapper.ClassPathMapperScanner      : No MyBatis mapper was found in '[org.example]' package. Please check your configuration.
2024-04-17 12:05:36.481  INFO 28424 --- [           main] o.s.b.w.embedded.tomcat.TomcatWebServer  : Tomcat initialized with port(s): 8080 (http)
2024-04-17 12:05:36.509  INFO 28424 --- [           main] o.apache.catalina.core.StandardService   : Starting service [Tomcat]
2024-04-17 12:05:36.509  INFO 28424 --- [           main] org.apache.catalina.core.StandardEngine  : Starting Servlet engine: [Apache Tomcat/9.0.83]
2024-04-17 12:05:36.770  INFO 28424 --- [           main] o.a.c.c.C.[Tomcat].[localhost].[/]       : Initializing Spring embedded WebApplicationContext
2024-04-17 12:05:36.770  INFO 28424 --- [           main] w.s.c.ServletWebServerApplicationContext : Root WebApplicationContext: initialization completed in 3206 ms
2024-04-17 12:05:37.805  INFO 28424 --- [           main] c.a.d.s.b.a.DruidDataSourceAutoConfigure : Init DruidDataSource
2024-04-17 12:05:38.396  INFO 28424 --- [           main] com.alibaba.druid.pool.DruidDataSource   : {dataSource-1} inited
2024-04-17 12:05:39.012  WARN 28424 --- [           main] ConfigServletWebServerApplicationContext : Exception encountered during context initialization - cancelling refresh attempt: org.springframework.context.ApplicationContextException: Failed to start bean 'webServerStartStop'; nested exception is org.springframework.boot.web.server.PortInUseException: Port 8080 is already in use
2024-04-17 12:05:39.013  INFO 28424 --- [           main] com.alibaba.druid.pool.DruidDataSource   : {dataSource-1} closing ...
2024-04-17 12:05:39.047  INFO 28424 --- [           main] com.alibaba.druid.pool.DruidDataSource   : {dataSource-1} closed
2024-04-17 12:05:39.063  INFO 28424 --- [           main] o.apache.catalina.core.StandardService   : Stopping service [Tomcat]
2024-04-17 12:05:39.107  INFO 28424 --- [           main] ConditionEvaluationReportLoggingListener : 

Error starting ApplicationContext. To display the conditions report re-run your application with 'debug' enabled.
2024-04-17 12:05:39.226 ERROR 28424 --- [           main] o.s.b.d.LoggingFailureAnalysisReporter   : 

***************************
APPLICATION FAILED TO START
***************************

Description:

Web server failed to start. Port 8080 was already in use.

Action:

Identify and stop the process that's listening on port 8080 or configure this application to listen on another port.

